<?xml version="1.0" encoding="UTF-8" standalone="no"?>
<!DOCTYPE log SYSTEM "logger.dtd">
<log>
<record>
  <date>2018-06-13T18:09:49</date>
  <millis>1528906189990</millis>
  <sequence>0</sequence>
  <logger>System logger</logger>
  <level>INFO</level>
  <class>main.menu.RemoveUserMenu</class>
  <method>process</method>
  <thread>1</thread>
</record>
<?xml version="1.0" encoding="UTF-8" standalone="no"?>
<!DOCTYPE log SYSTEM "logger.dtd">
<log>
<record>
  <date>2018-06-13T18:14:26</date>
  <millis>1528906466620</millis>
  <sequence>0</sequence>
  <logger>System logger</logger>
  <level>INFO</level>
  <class>main.menu.RemoveUserMenu</class>
  <method>process</method>
  <thread>1</thread>
</record>
<record>
  <date>2018-06-13T18:14:29</date>
  <millis>1528906469464</millis>
  <sequence>1</sequence>
  <logger>System logger</logger>
  <level>INFO</level>
  <class>main.menu.RemoveUserMenu</class>
  <method>process</method>
  <thread>1</thread>
</record>
Jun 13, 2018 6:19:00 PM main.menu.RemoveUserMenu process
INFO: null
Jun 13, 2018 6:23:53 PM main.menu.RemoveUserMenu process
INFO: User not found
Jun 13, 2018 6:36:25 PM main.menu.RemoveUserMenu process
INFO: main.User 'q' not found
Jun 13, 2018 6:51:36 PM main.Program main
SEVERE: java.lang.Exception: ERROR
Jun 13, 2018 6:55:13 PM main.Program main
SEVERE: java.lang.Exception: ERROR
	at main.Program.main(Program.java:25)

Jun 13, 2018 7:10:16 PM main.SystemLogger log
SEVERE: java.lang.Exception: ERROR
	at main.Program.main(Program.java:19)

Jun 14, 2018 8:57:15 PM main.SystemLogger log
SEVERE: java.util.InputMismatchException
	at java.util.Scanner.throwFor(Scanner.java:864)
	at java.util.Scanner.next(Scanner.java:1485)
	at java.util.Scanner.nextInt(Scanner.java:2117)
	at java.util.Scanner.nextInt(Scanner.java:2076)
	at main.menu.Menu.process(Menu.java:40)
	at main.menu.Menu.run(Menu.java:52)
	at main.PizzaSystem.run(PizzaSystem.java:93)
	at main.Program.main(Program.java:34)

Jun 15, 2018 9:51:18 PM main.menu.RemoveUserMenu process
INFO: main.User '0' not found
Jun 15, 2018 10:00:01 PM main.menu.RemoveUserMenu process
INFO: main.User '0' not found
Jun 17, 2018 2:04:13 PM main.SystemLogger log
SEVERE: java.lang.ExceptionInInitializerError
	at main.Program.main(Program.java:33)
Caused by: java.lang.NullPointerException
	at main.menu.PizzaSelectionMenu.<init>(PizzaSelectionMenu.java:17)
	at main.User.<clinit>(User.java:24)
	... 1 more

Jun 17, 2018 2:04:20 PM main.SystemLogger log
SEVERE: java.lang.ExceptionInInitializerError
	at main.Program.main(Program.java:33)
Caused by: java.lang.NullPointerException
	at main.menu.PizzaSelectionMenu.<init>(PizzaSelectionMenu.java:17)
	at main.User.<clinit>(User.java:24)
	... 1 more

Jun 17, 2018 2:04:29 PM main.SystemLogger log
SEVERE: java.lang.ExceptionInInitializerError
	at main.Program.main(Program.java:33)
Caused by: java.lang.NullPointerException
	at main.menu.PizzaSelectionMenu.<init>(PizzaSelectionMenu.java:17)
	at main.User.<clinit>(User.java:24)
	... 1 more

Jun 17, 2018 2:05:21 PM main.SystemLogger log
SEVERE: java.lang.ExceptionInInitializerError
	at main.Program.main(Program.java:33)
Caused by: java.lang.NullPointerException
	at main.menu.PizzaSelectionMenu.<init>(PizzaSelectionMenu.java:17)
	at main.User.<clinit>(User.java:24)
	... 1 more

Jun 17, 2018 2:06:24 PM main.SystemLogger log
SEVERE: java.lang.ExceptionInInitializerError
	at main.Program.main(Program.java:33)
Caused by: java.lang.NullPointerException
	at main.menu.PizzaSelectionMenu.<init>(PizzaSelectionMenu.java:17)
	at main.User.<clinit>(User.java:24)
	... 1 more

Jun 17, 2018 2:06:37 PM main.SystemLogger log
SEVERE: java.lang.ExceptionInInitializerError
	at main.Program.main(Program.java:33)
Caused by: java.lang.NullPointerException
	at main.menu.PizzaSelectionMenu.<init>(PizzaSelectionMenu.java:17)
	at main.User.<clinit>(User.java:24)
	... 1 more

Jun 17, 2018 2:07:04 PM main.SystemLogger log
SEVERE: java.lang.ExceptionInInitializerError
	at main.Program.main(Program.java:33)
Caused by: java.lang.NullPointerException
	at main.menu.PizzaSelectionMenu.<init>(PizzaSelectionMenu.java:17)
	at main.User.<clinit>(User.java:24)
	... 1 more

Jun 17, 2018 2:07:12 PM main.SystemLogger log
SEVERE: java.lang.ExceptionInInitializerError
	at main.Program.main(Program.java:33)
Caused by: java.lang.NullPointerException
	at main.menu.PizzaSelectionMenu.<init>(PizzaSelectionMenu.java:17)
	at main.User.<clinit>(User.java:24)
	... 1 more

Jun 17, 2018 2:19:26 PM main.SystemLogger log
SEVERE: java.lang.ExceptionInInitializerError
	at main.Program.main(Program.java:32)
Caused by: java.lang.NullPointerException
	at main.menu.PizzaSelectionMenu.<init>(PizzaSelectionMenu.java:17)
	at main.User.<clinit>(User.java:24)
	... 1 more

Jun 17, 2018 2:19:29 PM main.SystemLogger log
SEVERE: java.lang.ExceptionInInitializerError
	at main.Program.main(Program.java:32)
Caused by: java.lang.NullPointerException
	at main.menu.PizzaSelectionMenu.<init>(PizzaSelectionMenu.java:17)
	at main.User.<clinit>(User.java:24)
	... 1 more

Jun 17, 2018 2:19:37 PM main.SystemLogger log
SEVERE: java.lang.ExceptionInInitializerError
	at main.Program.main(Program.java:32)
Caused by: java.lang.NullPointerException
	at main.menu.PizzaSelectionMenu.<init>(PizzaSelectionMenu.java:17)
	at main.User.<clinit>(User.java:24)
	... 1 more

Jun 17, 2018 2:19:40 PM main.SystemLogger log
SEVERE: java.lang.ExceptionInInitializerError
	at main.Program.main(Program.java:32)
Caused by: java.lang.NullPointerException
	at main.menu.PizzaSelectionMenu.<init>(PizzaSelectionMenu.java:17)
	at main.User.<clinit>(User.java:24)
	... 1 more

Jun 17, 2018 2:19:49 PM main.SystemLogger log
SEVERE: java.lang.ExceptionInInitializerError
	at main.Program.main(Program.java:32)
Caused by: java.lang.NullPointerException
	at main.menu.PizzaSelectionMenu.<init>(PizzaSelectionMenu.java:17)
	at main.User.<clinit>(User.java:24)
	... 1 more

Jun 17, 2018 10:34:25 PM main.SystemLogger log
SEVERE: java.lang.ExceptionInInitializerError
	at main.Program.main(Program.java:32)
Caused by: java.lang.NullPointerException
	at main.menu.PizzaSelectionMenu.<init>(PizzaSelectionMenu.java:17)
	at main.User.<clinit>(User.java:24)
	... 1 more

Jun 19, 2018 10:48:56 PM main.SystemLogger log
SEVERE: java.lang.NullPointerException
	at main.Message.<init>(Message.java:11)
	at main.menu.SendMessageMenu.process(SendMessageMenu.java:24)
	at main.menu.Menu.run(Menu.java:52)
	at main.User.showInterface(User.java:115)
	at main.menu.LoginMenu.process(LoginMenu.java:23)
	at main.menu.Menu.run(Menu.java:52)
	at main.PizzaSystem.run(PizzaSystem.java:89)
	at main.Program.main(Program.java:35)

Jun 19, 2018 10:53:51 PM main.SystemLogger log
SEVERE: java.lang.NullPointerException
	at main.Message.<init>(Message.java:11)
	at main.menu.SendMessageMenu.process(SendMessageMenu.java:24)
	at main.menu.Menu.run(Menu.java:52)
	at main.User.showInterface(User.java:122)
	at main.menu.LoginMenu.process(LoginMenu.java:23)
	at main.menu.Menu.run(Menu.java:52)
	at main.PizzaSystem.run(PizzaSystem.java:89)
	at main.Program.main(Program.java:36)

Jun 19, 2018 10:55:31 PM main.SystemLogger log
SEVERE: java.lang.NullPointerException
	at main.menu.PizzaCreatorMenu.process(PizzaCreatorMenu.java:16)
	at main.menu.Menu.run(Menu.java:52)
	at main.User.showInterface(User.java:122)
	at main.menu.LoginMenu.process(LoginMenu.java:23)
	at main.menu.Menu.run(Menu.java:52)
	at main.PizzaSystem.run(PizzaSystem.java:89)
	at main.Program.main(Program.java:36)

Jun 20, 2018 11:07:56 PM main.SystemLogger log
SEVERE: java.lang.NullPointerException
	at main.Message.<init>(Message.java:11)
	at main.menu.SendMessageMenu.process(SendMessageMenu.java:24)
	at main.menu.Menu.run(Menu.java:52)
	at main.User.showInterface(User.java:122)
	at main.menu.LoginMenu.process(LoginMenu.java:23)
	at main.menu.Menu.run(Menu.java:52)
	at main.PizzaSystem.run(PizzaSystem.java:89)
	at main.Program.main(Program.java:36)

Jun 21, 2018 5:10:22 PM main.SystemLogger log
SEVERE: java.lang.ExceptionInInitializerError
	at main.Program.main(Program.java:33)
Caused by: java.lang.NullPointerException
	at main.menu.PizzaSelectionMenu.<init>(PizzaSelectionMenu.java:18)
	at main.User.<clinit>(User.java:26)
	... 1 more

